Arguments: 
  C:\Program Files\nodejs\node.exe C:\Program Files (x86)\Yarn\bin\yarn.js add redux-thunk

PATH: 
  C:\ProgramData\Oracle\Java\javapath;C:\Program Files\ImageMagick-6.9.0-Q16;C:\Program Files (x86)\Intel\iCLS Client\;C:\Program Files\Intel\iCLS Client\;C:\WINDOWS\system32;C:\WINDOWS;C:\WINDOWS\System32\Wbem;C:\WINDOWS\System32\WindowsPowerShell\v1.0\;C:\Program Files (x86)\Intel\OpenCL SDK\3.0\bin\x86;c:\Program Files\Java\jdk1.7.0_67\bin;C:\Program Files (x86)\Intel\OpenCL SDK\3.0\bin\x64;C:\Program Files\Intel\Intel(R) Management Engine Components\DAL;C:\Program Files\Intel\Intel(R) Management Engine Components\IPT;C:\Program Files (x86)\Intel\Intel(R) Management Engine Components\DAL;C:\Program Files (x86)\Intel\Intel(R) Management Engine Components\IPT;C:\Users\srinath1\git\bin;C:\Program Files (x86)\Heroku\bin;C:\Program Files (x86)\git\cmd;C:\Users\srinath1\AppData\Roaming\npm;C:\Program Files (x86)\nodejs;C:\Program Files\gradle-2.9\bin;C:\Users\srinath1\npm\platforms\android;C:\ADB\platform-tools;C:\WINDOWS\system32;C:\WINDOWS;C:\WINDOWS\System32\Wbem;C:\WINDOWS\System32\WindowsPowerShell\v1.0\;C:\Program Files\Microsoft VS Code\bin;C:\Program Files\MongoDB\Server\3.4\bin;C:\WINDOWS\System32\OpenSSH\;C:\ProgramData\chocolatey\bin;C:\Program Files\Java\jdk1.8.0_211\bin;C:\Program Files (x86)\Yarn\bin\;C:\Users\srinath1\AppData\Roaming\nvm;C:\Program Files\nodejs;C:\Program Files\OpenJDK\openjdk-8u292-b10\bin;C:\Program Files\nodejs\;C:\Program Files\java\jdk\1.7.0_67\bin;C:\apache-ant-1.9.4\bin;C:\android\sdk\platform-tools;C:\android\sdk\tools;C:\Program Files\gradle-2.9\bin;C:\Users\srinath1\npm\platforms\android;c:\python27;C:\Python34\Scripts\pip;c:\pytho34;C:\usb;C:\Users\srinath1\npm;C:/users/srinath1/npm/node_modules/cordova/bin/cordova;C:/users/srinath1/npm/node_modules/ionic/bin/ionic;C:\Users\srinath1\AppData\Local\Microsoft\WindowsApps;C:\Program Files\heroku\bin;C:\Users\srinath1\AppData\Local\Programs\Microsoft VS Code\bin;C:\Users\srinath1\AppData\Local\Yarn\bin;C:\Users\srinath1\AppData\Roaming\nvm;C:\Program Files\nodejs;C:\Program Files\Docker Toolbox;C:\Users\srinath1\AppData\Roaming\npm

Yarn version: 
  1.17.3

Node version: 
  16.14.2

Platform: 
  win32 x64

Trace: 
  Error: https://registry.yarnpkg.com/antd/-/antd-4.20.5.tgz: ESOCKETTIMEDOUT
      at ClientRequest.<anonymous> (C:\Program Files (x86)\Yarn\lib\cli.js:141091:19)
      at Object.onceWrapper (node:events:645:28)
      at ClientRequest.emit (node:events:526:28)
      at TLSSocket.emitRequestTimeout (node:_http_client:758:9)
      at Object.onceWrapper (node:events:645:28)
      at TLSSocket.emit (node:events:538:35)
      at TLSSocket.Socket._onTimeout (node:net:501:8)
      at listOnTimeout (node:internal/timers:559:17)
      at processTimers (node:internal/timers:502:7)

npm manifest: 
  {
    "name": "client",
    "version": "0.1.0",
    "private": true,
    "dependencies": {
      "@emotion/css": "^11.1.3",
      "antd": "^4.20.2",
      "axios": "^0.27.2",
      "bootstrap": "^5.1.3",
      "react": "^17.0.2",
      "react-dom": "^17.0.2",
      "react-hot-toast": "^2.1.1",
      "react-redux": "^8.0.1",
      "react-router-dom": "^6.3.0",
      "react-scripts": "4.0.3",
      "react-scroll-to-bottom": "^4.2.0",
      "react-to-print": "^2.14.7",
      "redux": "^4.2.0",
      "socket.io-client": "^4.3.1"
    },
    "scripts": {
      "start": "react-scripts start",
      "build": "react-scripts build",
      "test": "react-scripts test",
      "eject": "react-scripts eject"
    },
    "eslintConfig": {
      "extends": [
        "react-app",
        "react-app/jest"
      ]
    },
    "browserslist": {
      "production": [
        ">0.2%",
        "not dead",
        "not op_mini all"
      ],
      "development": [
        "last 1 chrome version",
        "last 1 firefox version",
        "last 1 safari version"
      ]
    }
  }

yarn manifest: 
  No manifest

Lockfile: 
  No lockfile
